<?xml version="1.0" encoding="UTF-8"?>
<coverage generated="1512064242764" clover="3.2.0">
  <project timestamp="1512064242765" name="All files">
    <metrics statements="13" coveredstatements="12" conditionals="4" coveredconditionals="4" methods="3" coveredmethods="3" elements="20" coveredelements="19" complexity="0" loc="13" ncloc="13" packages="1" files="1" classes="1">
      <file name="file-reader.js" path="/home/vladimirsan/workspace/seattle-javascript-401d19/04-data-modeling-and-binary/01-hw-review/lib/file-reader.js">
        <metrics statements="13" coveredstatements="12" conditionals="4" coveredconditionals="4" methods="3" coveredmethods="3"/>
        <line num="3" count="1" type="stmt"/>
        <line num="5" count="1" type="stmt"/>
        <line num="8" count="1" type="stmt"/>
        <line num="9" count="2" type="stmt"/>
        <line num="13" count="5" type="cond" truecount="2" falsecount="0"/>
        <line num="14" count="1" type="stmt"/>
        <line num="16" count="4" type="stmt"/>
        <line num="18" count="4" type="cond" truecount="2" falsecount="0"/>
        <line num="20" count="1" type="stmt"/>
        <line num="21" count="0" type="stmt"/>
        <line num="24" count="3" type="stmt"/>
        <line num="25" count="3" type="stmt"/>
        <line num="28" count="2" type="stmt"/>
      </file>
    </metrics>
  </project>
</coverage>
