{"/home/vladimirsan/workspace/seattle-javascript-401d19/04-data-modeling-and-binary/01-hw-review/lib/file-reader.js": {"path":"/home/vladimirsan/workspace/seattle-javascript-401d19/04-data-modeling-and-binary/01-hw-review/lib/file-reader.js","statementMap":{"0":{"start":{"line":3,"column":11},"end":{"line":3,"column":24}},"1":{"start":{"line":5,"column":19},"end":{"line":5,"column":38}},"2":{"start":{"line":8,"column":0},"end":{"line":29,"column":2}},"3":{"start":{"line":9,"column":16},"end":{"line":9,"column":18}},"4":{"start":{"line":13,"column":4},"end":{"line":26,"column":9}},"5":{"start":{"line":14,"column":6},"end":{"line":14,"column":29}},"6":{"start":{"line":16,"column":6},"end":{"line":26,"column":9}},"7":{"start":{"line":18,"column":8},"end":{"line":22,"column":9}},"8":{"start":{"line":20,"column":10},"end":{"line":20,"column":26}},"9":{"start":{"line":21,"column":10},"end":{"line":21,"column":17}},"10":{"start":{"line":24,"column":8},"end":{"line":24,"column":38}},"11":{"start":{"line":25,"column":8},"end":{"line":25,"column":31}},"12":{"start":{"line":28,"column":2},"end":{"line":28,"column":25}}},"fnMap":{"0":{"name":"(anonymous_0)","decl":{"start":{"line":8,"column":23},"end":{"line":8,"column":24}},"loc":{"start":{"line":8,"column":43},"end":{"line":29,"column":1}},"line":8},"1":{"name":"readFilesRecursively","decl":{"start":{"line":11,"column":11},"end":{"line":11,"column":31}},"loc":{"start":{"line":11,"column":33},"end":{"line":27,"column":3}},"line":11},"2":{"name":"(anonymous_2)","decl":{"start":{"line":16,"column":32},"end":{"line":16,"column":33}},"loc":{"start":{"line":16,"column":48},"end":{"line":26,"column":7}},"line":16}},"branchMap":{"0":{"loc":{"start":{"line":13,"column":4},"end":{"line":26,"column":9}},"type":"if","locations":[{"start":{"line":13,"column":4},"end":{"line":26,"column":9}},{"start":{"line":13,"column":4},"end":{"line":26,"column":9}}],"line":13},"1":{"loc":{"start":{"line":18,"column":8},"end":{"line":22,"column":9}},"type":"if","locations":[{"start":{"line":18,"column":8},"end":{"line":22,"column":9}},{"start":{"line":18,"column":8},"end":{"line":22,"column":9}}],"line":18}},"s":{"0":1,"1":1,"2":1,"3":2,"4":5,"5":1,"6":4,"7":4,"8":1,"9":0,"10":3,"11":3,"12":2},"f":{"0":2,"1":5,"2":4},"b":{"0":[1,4],"1":[1,3]},"_coverageSchema":"332fd63041d2c1bcb487cc26dd0d5f7d97098a6c","hash":"b530ab9233497c273dd5cf0fdaac6dbab497e116"}
}
