<?xml version="1.0" encoding="UTF-8"?>
<coverage generated="1513152571981" clover="3.2.0">
  <project timestamp="1513152571981" name="All files">
    <metrics statements="95" coveredstatements="67" conditionals="18" coveredconditionals="10" methods="26" coveredmethods="15" elements="139" coveredelements="92" complexity="0" loc="95" ncloc="95" packages="3" files="5" classes="5">
      <package name="lib">
        <metrics statements="62" coveredstatements="46" conditionals="18" coveredconditionals="10" methods="9" coveredmethods="8"/>
        <file name="cors.js" path="/Users/moonmayor/Fellows/code-401-javascript-guide/curriculum/13-object-relational-mapping/demos/13-d18/lib/cors.js">
          <metrics statements="4" coveredstatements="4" conditionals="0" coveredconditionals="0" methods="1" coveredmethods="1"/>
          <line num="3" count="1" type="stmt"/>
          <line num="4" count="5" type="stmt"/>
          <line num="5" count="5" type="stmt"/>
          <line num="6" count="5" type="stmt"/>
        </file>
        <file name="error-middleware.js" path="/Users/moonmayor/Fellows/code-401-javascript-guide/curriculum/13-object-relational-mapping/demos/13-d18/lib/error-middleware.js">
          <metrics statements="21" coveredstatements="7" conditionals="6" coveredconditionals="1" methods="1" coveredmethods="1"/>
          <line num="3" count="1" type="stmt"/>
          <line num="4" count="1" type="stmt"/>
          <line num="6" count="1" type="stmt"/>
          <line num="7" count="1" type="cond" truecount="1" falsecount="1"/>
          <line num="8" count="0" type="cond" truecount="0" falsecount="4"/>
          <line num="10" count="0" type="stmt"/>
          <line num="11" count="0" type="stmt"/>
          <line num="12" count="0" type="stmt"/>
          <line num="15" count="0" type="stmt"/>
          <line num="16" count="0" type="stmt"/>
          <line num="17" count="0" type="stmt"/>
          <line num="20" count="0" type="stmt"/>
          <line num="21" count="0" type="stmt"/>
          <line num="22" count="0" type="stmt"/>
          <line num="25" count="0" type="stmt"/>
          <line num="26" count="0" type="stmt"/>
          <line num="27" count="0" type="stmt"/>
          <line num="29" count="0" type="stmt"/>
          <line num="32" count="1" type="stmt"/>
          <line num="33" count="1" type="stmt"/>
          <line num="34" count="1" type="stmt"/>
        </file>
        <file name="server.js" path="/Users/moonmayor/Fellows/code-401-javascript-guide/curriculum/13-object-relational-mapping/demos/13-d18/lib/server.js">
          <metrics statements="37" coveredstatements="35" conditionals="12" coveredconditionals="9" methods="7" coveredmethods="6"/>
          <line num="4" count="1" type="stmt"/>
          <line num="7" count="1" type="cond" truecount="2" falsecount="0"/>
          <line num="8" count="1" type="stmt"/>
          <line num="9" count="1" type="stmt"/>
          <line num="11" count="1" type="stmt"/>
          <line num="14" count="1" type="stmt"/>
          <line num="15" count="1" type="cond" truecount="2" falsecount="0"/>
          <line num="16" count="1" type="stmt"/>
          <line num="17" count="1" type="stmt"/>
          <line num="20" count="1" type="stmt"/>
          <line num="21" count="1" type="stmt"/>
          <line num="22" count="1" type="stmt"/>
          <line num="25" count="1" type="stmt"/>
          <line num="28" count="1" type="stmt"/>
          <line num="29" count="1" type="stmt"/>
          <line num="30" count="1" type="stmt"/>
          <line num="31" count="1" type="stmt"/>
          <line num="33" count="1" type="stmt"/>
          <line num="37" count="1" type="stmt"/>
          <line num="38" count="1" type="stmt"/>
          <line num="39" count="1" type="stmt"/>
          <line num="40" count="1" type="cond" truecount="2" falsecount="2"/>
          <line num="41" count="1" type="stmt"/>
          <line num="42" count="1" type="stmt"/>
          <line num="43" count="1" type="stmt"/>
          <line num="44" count="1" type="stmt"/>
          <line num="46" count="1" type="stmt"/>
          <line num="48" count="0" type="stmt"/>
          <line num="52" count="1" type="stmt"/>
          <line num="53" count="1" type="stmt"/>
          <line num="54" count="1" type="cond" truecount="3" falsecount="1"/>
          <line num="55" count="1" type="stmt"/>
          <line num="56" count="1" type="stmt"/>
          <line num="57" count="1" type="stmt"/>
          <line num="58" count="1" type="stmt"/>
          <line num="60" count="1" type="stmt"/>
          <line num="62" count="0" type="stmt"/>
        </file>
      </package>
      <package name="model">
        <metrics statements="4" coveredstatements="4" conditionals="0" coveredconditionals="0" methods="0" coveredmethods="0"/>
        <file name="toy.js" path="/Users/moonmayor/Fellows/code-401-javascript-guide/curriculum/13-object-relational-mapping/demos/13-d18/model/toy.js">
          <metrics statements="4" coveredstatements="4" conditionals="0" coveredconditionals="0" methods="0" coveredmethods="0"/>
          <line num="3" count="2" type="stmt"/>
          <line num="4" count="2" type="stmt"/>
          <line num="6" count="2" type="stmt"/>
          <line num="11" count="2" type="stmt"/>
        </file>
      </package>
      <package name="route">
        <metrics statements="29" coveredstatements="17" conditionals="0" coveredconditionals="0" methods="17" coveredmethods="7"/>
        <file name="route-toy.js" path="/Users/moonmayor/Fellows/code-401-javascript-guide/curriculum/13-object-relational-mapping/demos/13-d18/route/route-toy.js">
          <metrics statements="29" coveredstatements="17" conditionals="0" coveredconditionals="0" methods="17" coveredmethods="7"/>
          <line num="3" count="1" type="stmt"/>
          <line num="4" count="1" type="stmt"/>
          <line num="5" count="1" type="stmt"/>
          <line num="7" count="1" type="stmt"/>
          <line num="8" count="1" type="stmt"/>
          <line num="9" count="2" type="stmt"/>
          <line num="11" count="2" type="stmt"/>
          <line num="12" count="1" type="stmt"/>
          <line num="13" count="1" type="stmt"/>
          <line num="16" count="1" type="stmt"/>
          <line num="17" count="0" type="stmt"/>
          <line num="19" count="0" type="stmt"/>
          <line num="20" count="0" type="stmt"/>
          <line num="21" count="0" type="stmt"/>
          <line num="24" count="1" type="stmt"/>
          <line num="25" count="0" type="stmt"/>
          <line num="27" count="0" type="stmt"/>
          <line num="28" count="0" type="stmt"/>
          <line num="29" count="0" type="stmt"/>
          <line num="32" count="1" type="stmt"/>
          <line num="33" count="0" type="stmt"/>
          <line num="35" count="0" type="stmt"/>
          <line num="36" count="0" type="stmt"/>
          <line num="37" count="0" type="stmt"/>
          <line num="40" count="1" type="stmt"/>
          <line num="41" count="2" type="stmt"/>
          <line num="43" count="2" type="stmt"/>
          <line num="44" count="1" type="stmt"/>
          <line num="45" count="1" type="stmt"/>
        </file>
      </package>
    </metrics>
  </project>
</coverage>
