{"/Users/moonmayor/Fellows/code-401-javascript-guide/curriculum/13-object-relational-mapping/demos/13-d18/lib/cors.js": {"path":"/Users/moonmayor/Fellows/code-401-javascript-guide/curriculum/13-object-relational-mapping/demos/13-d18/lib/cors.js","statementMap":{"0":{"start":{"line":3,"column":0},"end":{"line":7,"column":1}},"1":{"start":{"line":4,"column":2},"end":{"line":4,"column":48}},"2":{"start":{"line":5,"column":2},"end":{"line":5,"column":49}},"3":{"start":{"line":6,"column":2},"end":{"line":6,"column":8}}},"fnMap":{"0":{"name":"(anonymous_0)","decl":{"start":{"line":3,"column":17},"end":{"line":3,"column":18}},"loc":{"start":{"line":3,"column":42},"end":{"line":7,"column":1}},"line":3}},"branchMap":{},"s":{"0":1,"1":5,"2":5,"3":5},"f":{"0":5},"b":{},"_coverageSchema":"332fd63041d2c1bcb487cc26dd0d5f7d97098a6c","hash":"968d68007686ceb49f19ef8b10b20a9906e78bd8"}
,"/Users/moonmayor/Fellows/code-401-javascript-guide/curriculum/13-object-relational-mapping/demos/13-d18/lib/error-middleware.js": {"path":"/Users/moonmayor/Fellows/code-401-javascript-guide/curriculum/13-object-relational-mapping/demos/13-d18/lib/error-middleware.js","statementMap":{"0":{"start":{"line":3,"column":20},"end":{"line":3,"column":42}},"1":{"start":{"line":4,"column":14},"end":{"line":4,"column":55}},"2":{"start":{"line":6,"column":0},"end":{"line":35,"column":1}},"3":{"start":{"line":7,"column":2},"end":{"line":30,"column":3}},"4":{"start":{"line":8,"column":4},"end":{"line":28,"column":5}},"5":{"start":{"line":10,"column":8},"end":{"line":10,"column":34}},"6":{"start":{"line":11,"column":8},"end":{"line":11,"column":38}},"7":{"start":{"line":12,"column":8},"end":{"line":12,"column":13}},"8":{"start":{"line":15,"column":8},"end":{"line":15,"column":30}},"9":{"start":{"line":16,"column":8},"end":{"line":16,"column":38}},"10":{"start":{"line":17,"column":8},"end":{"line":17,"column":13}},"11":{"start":{"line":20,"column":8},"end":{"line":20,"column":32}},"12":{"start":{"line":21,"column":8},"end":{"line":21,"column":38}},"13":{"start":{"line":22,"column":8},"end":{"line":22,"column":13}},"14":{"start":{"line":25,"column":8},"end":{"line":25,"column":35}},"15":{"start":{"line":26,"column":8},"end":{"line":26,"column":45}},"16":{"start":{"line":27,"column":8},"end":{"line":27,"column":13}},"17":{"start":{"line":29,"column":4},"end":{"line":29,"column":10}},"18":{"start":{"line":32,"column":2},"end":{"line":32,"column":23}},"19":{"start":{"line":33,"column":2},"end":{"line":33,"column":37}},"20":{"start":{"line":34,"column":2},"end":{"line":34,"column":39}}},"fnMap":{"0":{"name":"(anonymous_0)","decl":{"start":{"line":6,"column":17},"end":{"line":6,"column":18}},"loc":{"start":{"line":6,"column":41},"end":{"line":35,"column":1}},"line":6}},"branchMap":{"0":{"loc":{"start":{"line":7,"column":2},"end":{"line":30,"column":3}},"type":"if","locations":[{"start":{"line":7,"column":2},"end":{"line":30,"column":3}},{"start":{"line":7,"column":2},"end":{"line":30,"column":3}}],"line":7},"1":{"loc":{"start":{"line":8,"column":4},"end":{"line":28,"column":5}},"type":"switch","locations":[{"start":{"line":9,"column":6},"end":{"line":12,"column":13}},{"start":{"line":14,"column":6},"end":{"line":17,"column":13}},{"start":{"line":19,"column":6},"end":{"line":22,"column":13}},{"start":{"line":24,"column":6},"end":{"line":27,"column":13}}],"line":8}},"s":{"0":1,"1":1,"2":1,"3":1,"4":0,"5":0,"6":0,"7":0,"8":0,"9":0,"10":0,"11":0,"12":0,"13":0,"14":0,"15":0,"16":0,"17":0,"18":1,"19":1,"20":1},"f":{"0":1},"b":{"0":[0,1],"1":[0,0,0,0]},"_coverageSchema":"332fd63041d2c1bcb487cc26dd0d5f7d97098a6c","hash":"aa21d35edab02dd39454e598d86a1fa42afeaa59"}
,"/Users/moonmayor/Fellows/code-401-javascript-guide/curriculum/13-object-relational-mapping/demos/13-d18/lib/server.js": {"path":"/Users/moonmayor/Fellows/code-401-javascript-guide/curriculum/13-object-relational-mapping/demos/13-d18/lib/server.js","statementMap":{"0":{"start":{"line":4,"column":14},"end":{"line":4,"column":45}},"1":{"start":{"line":7,"column":13},"end":{"line":7,"column":37}},"2":{"start":{"line":8,"column":16},"end":{"line":8,"column":34}},"3":{"start":{"line":9,"column":15},"end":{"line":9,"column":31}},"4":{"start":{"line":11,"column":12},"end":{"line":11,"column":21}},"5":{"start":{"line":14,"column":17},"end":{"line":14,"column":36}},"6":{"start":{"line":15,"column":20},"end":{"line":15,"column":76}},"7":{"start":{"line":16,"column":0},"end":{"line":16,"column":38}},"8":{"start":{"line":17,"column":0},"end":{"line":17,"column":55}},"9":{"start":{"line":20,"column":19},"end":{"line":20,"column":48}},"10":{"start":{"line":21,"column":13},"end":{"line":21,"column":30}},"11":{"start":{"line":22,"column":24},"end":{"line":22,"column":53}},"12":{"start":{"line":25,"column":0},"end":{"line":25,"column":37}},"13":{"start":{"line":28,"column":0},"end":{"line":28,"column":19}},"14":{"start":{"line":29,"column":0},"end":{"line":29,"column":13}},"15":{"start":{"line":30,"column":0},"end":{"line":30,"column":15}},"16":{"start":{"line":31,"column":0},"end":{"line":31,"column":24}},"17":{"start":{"line":33,"column":0},"end":{"line":33,"column":48}},"18":{"start":{"line":33,"column":28},"end":{"line":33,"column":47}},"19":{"start":{"line":37,"column":22},"end":{"line":37,"column":41}},"20":{"start":{"line":38,"column":0},"end":{"line":50,"column":1}},"21":{"start":{"line":39,"column":2},"end":{"line":49,"column":4}},"22":{"start":{"line":40,"column":4},"end":{"line":47,"column":5}},"23":{"start":{"line":41,"column":6},"end":{"line":45,"column":8}},"24":{"start":{"line":42,"column":8},"end":{"line":42,"column":38}},"25":{"start":{"line":43,"column":8},"end":{"line":43,"column":26}},"26":{"start":{"line":44,"column":8},"end":{"line":44,"column":23}},"27":{"start":{"line":46,"column":6},"end":{"line":46,"column":12}},"28":{"start":{"line":48,"column":4},"end":{"line":48,"column":30}},"29":{"start":{"line":52,"column":0},"end":{"line":64,"column":1}},"30":{"start":{"line":53,"column":2},"end":{"line":63,"column":4}},"31":{"start":{"line":54,"column":4},"end":{"line":61,"column":5}},"32":{"start":{"line":55,"column":6},"end":{"line":59,"column":8}},"33":{"start":{"line":56,"column":8},"end":{"line":56,"column":34}},"34":{"start":{"line":57,"column":8},"end":{"line":57,"column":27}},"35":{"start":{"line":58,"column":8},"end":{"line":58,"column":17}},"36":{"start":{"line":60,"column":6},"end":{"line":60,"column":12}},"37":{"start":{"line":62,"column":4},"end":{"line":62,"column":12}}},"fnMap":{"0":{"name":"(anonymous_0)","decl":{"start":{"line":33,"column":14},"end":{"line":33,"column":15}},"loc":{"start":{"line":33,"column":28},"end":{"line":33,"column":47}},"line":33},"1":{"name":"(anonymous_1)","decl":{"start":{"line":38,"column":22},"end":{"line":38,"column":23}},"loc":{"start":{"line":38,"column":28},"end":{"line":50,"column":1}},"line":38},"2":{"name":"(anonymous_2)","decl":{"start":{"line":39,"column":21},"end":{"line":39,"column":22}},"loc":{"start":{"line":39,"column":42},"end":{"line":49,"column":3}},"line":39},"3":{"name":"(anonymous_3)","decl":{"start":{"line":41,"column":32},"end":{"line":41,"column":33}},"loc":{"start":{"line":41,"column":38},"end":{"line":45,"column":7}},"line":41},"4":{"name":"(anonymous_4)","decl":{"start":{"line":52,"column":21},"end":{"line":52,"column":22}},"loc":{"start":{"line":52,"column":27},"end":{"line":64,"column":1}},"line":52},"5":{"name":"(anonymous_5)","decl":{"start":{"line":53,"column":21},"end":{"line":53,"column":22}},"loc":{"start":{"line":53,"column":42},"end":{"line":63,"column":3}},"line":53},"6":{"name":"(anonymous_6)","decl":{"start":{"line":55,"column":19},"end":{"line":55,"column":20}},"loc":{"start":{"line":55,"column":25},"end":{"line":59,"column":7}},"line":55}},"branchMap":{"0":{"loc":{"start":{"line":7,"column":13},"end":{"line":7,"column":37}},"type":"binary-expr","locations":[{"start":{"line":7,"column":13},"end":{"line":7,"column":29}},{"start":{"line":7,"column":33},"end":{"line":7,"column":37}}],"line":7},"1":{"loc":{"start":{"line":15,"column":20},"end":{"line":15,"column":76}},"type":"binary-expr","locations":[{"start":{"line":15,"column":20},"end":{"line":15,"column":43}},{"start":{"line":15,"column":47},"end":{"line":15,"column":76}}],"line":15},"2":{"loc":{"start":{"line":40,"column":4},"end":{"line":47,"column":5}},"type":"if","locations":[{"start":{"line":40,"column":4},"end":{"line":47,"column":5}},{"start":{"line":40,"column":4},"end":{"line":47,"column":5}}],"line":40},"3":{"loc":{"start":{"line":40,"column":7},"end":{"line":40,"column":30}},"type":"binary-expr","locations":[{"start":{"line":40,"column":7},"end":{"line":40,"column":14}},{"start":{"line":40,"column":18},"end":{"line":40,"column":30}}],"line":40},"4":{"loc":{"start":{"line":54,"column":4},"end":{"line":61,"column":5}},"type":"if","locations":[{"start":{"line":54,"column":4},"end":{"line":61,"column":5}},{"start":{"line":54,"column":4},"end":{"line":61,"column":5}}],"line":54},"5":{"loc":{"start":{"line":54,"column":7},"end":{"line":54,"column":28}},"type":"binary-expr","locations":[{"start":{"line":54,"column":7},"end":{"line":54,"column":13}},{"start":{"line":54,"column":17},"end":{"line":54,"column":28}}],"line":54}},"s":{"0":1,"1":1,"2":1,"3":1,"4":1,"5":1,"6":1,"7":1,"8":1,"9":1,"10":1,"11":1,"12":1,"13":1,"14":1,"15":1,"16":1,"17":1,"18":0,"19":1,"20":1,"21":1,"22":1,"23":1,"24":1,"25":1,"26":1,"27":1,"28":0,"29":1,"30":1,"31":1,"32":1,"33":1,"34":1,"35":1,"36":1,"37":0},"f":{"0":0,"1":1,"2":1,"3":1,"4":1,"5":1,"6":1},"b":{"0":[1,1],"1":[1,1],"2":[1,0],"3":[1,0],"4":[1,0],"5":[1,1]},"_coverageSchema":"332fd63041d2c1bcb487cc26dd0d5f7d97098a6c","hash":"07e5c42ef4585ded4c45ca7f31bf3bbc5363e92a"}
,"/Users/moonmayor/Fellows/code-401-javascript-guide/curriculum/13-object-relational-mapping/demos/13-d18/model/toy.js": {"path":"/Users/moonmayor/Fellows/code-401-javascript-guide/curriculum/13-object-relational-mapping/demos/13-d18/model/toy.js","statementMap":{"0":{"start":{"line":3,"column":14},"end":{"line":3,"column":48}},"1":{"start":{"line":4,"column":17},"end":{"line":4,"column":36}},"2":{"start":{"line":6,"column":12},"end":{"line":9,"column":24}},"3":{"start":{"line":11,"column":0},"end":{"line":11,"column":43}}},"fnMap":{},"branchMap":{},"s":{"0":2,"1":2,"2":2,"3":2},"f":{},"b":{},"_coverageSchema":"332fd63041d2c1bcb487cc26dd0d5f7d97098a6c","hash":"c0c5b57f54d4a7286faa5e283b8761e3e116e80b"}
,"/Users/moonmayor/Fellows/code-401-javascript-guide/curriculum/13-object-relational-mapping/demos/13-d18/route/route-toy.js": {"path":"/Users/moonmayor/Fellows/code-401-javascript-guide/curriculum/13-object-relational-mapping/demos/13-d18/route/route-toy.js","statementMap":{"0":{"start":{"line":3,"column":12},"end":{"line":3,"column":35}},"1":{"start":{"line":4,"column":20},"end":{"line":4,"column":42}},"2":{"start":{"line":5,"column":14},"end":{"line":5,"column":48}},"3":{"start":{"line":7,"column":0},"end":{"line":47,"column":1}},"4":{"start":{"line":8,"column":2},"end":{"line":14,"column":4}},"5":{"start":{"line":9,"column":4},"end":{"line":9,"column":26}},"6":{"start":{"line":11,"column":4},"end":{"line":13,"column":54}},"7":{"start":{"line":12,"column":17},"end":{"line":12,"column":42}},"8":{"start":{"line":13,"column":18},"end":{"line":13,"column":53}},"9":{"start":{"line":16,"column":2},"end":{"line":22,"column":4}},"10":{"start":{"line":17,"column":4},"end":{"line":17,"column":30}},"11":{"start":{"line":19,"column":4},"end":{"line":21,"column":54}},"12":{"start":{"line":20,"column":17},"end":{"line":20,"column":30}},"13":{"start":{"line":21,"column":18},"end":{"line":21,"column":53}},"14":{"start":{"line":24,"column":2},"end":{"line":30,"column":4}},"15":{"start":{"line":25,"column":4},"end":{"line":25,"column":25}},"16":{"start":{"line":27,"column":4},"end":{"line":29,"column":54}},"17":{"start":{"line":28,"column":17},"end":{"line":28,"column":50}},"18":{"start":{"line":28,"column":41},"end":{"line":28,"column":48}},"19":{"start":{"line":29,"column":18},"end":{"line":29,"column":53}},"20":{"start":{"line":32,"column":2},"end":{"line":38,"column":4}},"21":{"start":{"line":33,"column":4},"end":{"line":33,"column":25}},"22":{"start":{"line":35,"column":4},"end":{"line":37,"column":54}},"23":{"start":{"line":36,"column":16},"end":{"line":36,"column":35}},"24":{"start":{"line":37,"column":18},"end":{"line":37,"column":53}},"25":{"start":{"line":40,"column":2},"end":{"line":46,"column":4}},"26":{"start":{"line":41,"column":4},"end":{"line":41,"column":28}},"27":{"start":{"line":43,"column":4},"end":{"line":45,"column":54}},"28":{"start":{"line":44,"column":16},"end":{"line":44,"column":35}},"29":{"start":{"line":45,"column":18},"end":{"line":45,"column":53}}},"fnMap":{"0":{"name":"(anonymous_0)","decl":{"start":{"line":7,"column":17},"end":{"line":7,"column":18}},"loc":{"start":{"line":7,"column":34},"end":{"line":47,"column":1}},"line":7},"1":{"name":"(anonymous_1)","decl":{"start":{"line":8,"column":26},"end":{"line":8,"column":27}},"loc":{"start":{"line":8,"column":46},"end":{"line":14,"column":3}},"line":8},"2":{"name":"(anonymous_2)","decl":{"start":{"line":12,"column":10},"end":{"line":12,"column":11}},"loc":{"start":{"line":12,"column":17},"end":{"line":12,"column":42}},"line":12},"3":{"name":"(anonymous_3)","decl":{"start":{"line":13,"column":11},"end":{"line":13,"column":12}},"loc":{"start":{"line":13,"column":18},"end":{"line":13,"column":53}},"line":13},"4":{"name":"(anonymous_4)","decl":{"start":{"line":16,"column":30},"end":{"line":16,"column":31}},"loc":{"start":{"line":16,"column":50},"end":{"line":22,"column":3}},"line":16},"5":{"name":"(anonymous_5)","decl":{"start":{"line":20,"column":10},"end":{"line":20,"column":11}},"loc":{"start":{"line":20,"column":17},"end":{"line":20,"column":30}},"line":20},"6":{"name":"(anonymous_6)","decl":{"start":{"line":21,"column":11},"end":{"line":21,"column":12}},"loc":{"start":{"line":21,"column":18},"end":{"line":21,"column":53}},"line":21},"7":{"name":"(anonymous_7)","decl":{"start":{"line":24,"column":25},"end":{"line":24,"column":26}},"loc":{"start":{"line":24,"column":45},"end":{"line":30,"column":3}},"line":24},"8":{"name":"(anonymous_8)","decl":{"start":{"line":28,"column":10},"end":{"line":28,"column":11}},"loc":{"start":{"line":28,"column":17},"end":{"line":28,"column":50}},"line":28},"9":{"name":"(anonymous_9)","decl":{"start":{"line":28,"column":34},"end":{"line":28,"column":35}},"loc":{"start":{"line":28,"column":41},"end":{"line":28,"column":48}},"line":28},"10":{"name":"(anonymous_10)","decl":{"start":{"line":29,"column":11},"end":{"line":29,"column":12}},"loc":{"start":{"line":29,"column":18},"end":{"line":29,"column":53}},"line":29},"11":{"name":"(anonymous_11)","decl":{"start":{"line":32,"column":30},"end":{"line":32,"column":31}},"loc":{"start":{"line":32,"column":50},"end":{"line":38,"column":3}},"line":32},"12":{"name":"(anonymous_12)","decl":{"start":{"line":36,"column":10},"end":{"line":36,"column":11}},"loc":{"start":{"line":36,"column":16},"end":{"line":36,"column":35}},"line":36},"13":{"name":"(anonymous_13)","decl":{"start":{"line":37,"column":11},"end":{"line":37,"column":12}},"loc":{"start":{"line":37,"column":18},"end":{"line":37,"column":53}},"line":37},"14":{"name":"(anonymous_14)","decl":{"start":{"line":40,"column":33},"end":{"line":40,"column":34}},"loc":{"start":{"line":40,"column":53},"end":{"line":46,"column":3}},"line":40},"15":{"name":"(anonymous_15)","decl":{"start":{"line":44,"column":10},"end":{"line":44,"column":11}},"loc":{"start":{"line":44,"column":16},"end":{"line":44,"column":35}},"line":44},"16":{"name":"(anonymous_16)","decl":{"start":{"line":45,"column":11},"end":{"line":45,"column":12}},"loc":{"start":{"line":45,"column":18},"end":{"line":45,"column":53}},"line":45}},"branchMap":{},"s":{"0":1,"1":1,"2":1,"3":1,"4":1,"5":2,"6":2,"7":1,"8":1,"9":1,"10":0,"11":0,"12":0,"13":0,"14":1,"15":0,"16":0,"17":0,"18":0,"19":0,"20":1,"21":0,"22":0,"23":0,"24":0,"25":1,"26":2,"27":2,"28":1,"29":1},"f":{"0":1,"1":2,"2":1,"3":1,"4":0,"5":0,"6":0,"7":0,"8":0,"9":0,"10":0,"11":0,"12":0,"13":0,"14":2,"15":1,"16":1},"b":{},"_coverageSchema":"332fd63041d2c1bcb487cc26dd0d5f7d97098a6c","hash":"e95d25729e2fa6c0f37fb488b4021436e57d4092"}
}
